Using pre-set license
Built from '2020.3/release' branch; Version is '2020.3.15f2 (6cf78cb77498) revision 7141260'; Using compiler version '192528614'; Build Type 'Release'
OS: 'Windows 10 Home; OS build 19042.1165; Version 2009; 64bit' Language: 'ja' Physical Memory: 16145 MB
BatchMode: 1, IsHumanControllingUs: 0, StartBugReporterOnCrash: 0, Is64bit: 1, IsPro: 0

 COMMAND LINE ARGUMENTS:
C:\Program Files\Unity\Hub\Editor\2020.3.15f2\Editor\Unity.exe
-adb2
-batchMode
-noUpm
-name
AssetImportWorker0
-projectPath
C:/Users/legon/Documents/Unity-VFX-Graph/VFX-Graph
-logFile
Logs/AssetImportWorker0.log
-srvPort
57764
Successfully changed project path to: C:/Users/legon/Documents/Unity-VFX-Graph/VFX-Graph
C:/Users/legon/Documents/Unity-VFX-Graph/VFX-Graph
Using Asset Import Pipeline V2.
Refreshing native plugins compatible for Editor in 106.94 ms, found 2 plugins.
Preloading 0 native plugins for Editor in 0.00 ms.
Initialize engine version: 2020.3.15f2 (6cf78cb77498)
[Subsystems] Discovering subsystems at path C:/Program Files/Unity/Hub/Editor/2020.3.15f2/Editor/Data/Resources/UnitySubsystems
[Subsystems] Discovering subsystems at path C:/Users/legon/Documents/Unity-VFX-Graph/VFX-Graph/Assets
GfxDevice: creating device client; threaded=0
Direct3D:
    Version:  Direct3D 11.0 [level 11.1]
    Renderer: NVIDIA GeForce GTX 1660 Ti (ID=0x2191)
    Vendor:   
    VRAM:     5991 MB
    Driver:   30.0.14.7141
Initialize mono
Mono path[0] = 'C:/Program Files/Unity/Hub/Editor/2020.3.15f2/Editor/Data/Managed'
Mono path[1] = 'C:/Program Files/Unity/Hub/Editor/2020.3.15f2/Editor/Data/MonoBleedingEdge/lib/mono/unityjit'
Mono config path = 'C:/Program Files/Unity/Hub/Editor/2020.3.15f2/Editor/Data/MonoBleedingEdge/etc'
Using monoOptions --debugger-agent=transport=dt_socket,embedding=1,server=y,suspend=n,address=127.0.0.1:56672
Begin MonoManager ReloadAssembly
Registering precompiled unity dll's ...
Register platform support module: C:/Program Files/Unity/Hub/Editor/2020.3.15f2/Editor/Data/PlaybackEngines/WebGLSupport/UnityEditor.WebGL.Extensions.dll
Register platform support module: C:/Program Files/Unity/Hub/Editor/2020.3.15f2/Editor/Data/PlaybackEngines/WindowsStandaloneSupport/UnityEditor.WindowsStandalone.Extensions.dll
Registered in 0.002853 seconds.
Native extension for WindowsStandalone target not found
Native extension for WebGL target not found
Refreshing native plugins compatible for Editor in 87.20 ms, found 2 plugins.
Preloading 0 native plugins for Editor in 0.00 ms.
Mono: successfully reloaded assembly
- Completed reload, in  1.272 seconds
Domain Reload Profiling:
	ReloadAssembly (1272ms)
		BeginReloadAssembly (64ms)
			ExecutionOrderSort (0ms)
			DisableScriptedObjects (0ms)
			BackupInstance (0ms)
			ReleaseScriptingObjects (0ms)
			CreateAndSetChildDomain (1ms)
		EndReloadAssembly (525ms)
			LoadAssemblies (62ms)
			RebuildTransferFunctionScriptingTraits (0ms)
			SetupTypeCache (188ms)
			ReleaseScriptCaches (0ms)
			RebuildScriptCaches (33ms)
			SetupLoadedEditorAssemblies (226ms)
				LogAssemblyErrors (0ms)
				InitializePlatformSupportModulesInManaged (6ms)
				SetLoadedEditorAssemblies (1ms)
				RefreshPlugins (87ms)
				BeforeProcessingInitializeOnLoad (7ms)
				ProcessInitializeOnLoadAttributes (92ms)
				ProcessInitializeOnLoadMethodAttributes (34ms)
				AfterProcessingInitializeOnLoad (0ms)
				EditorAssembliesLoaded (0ms)
			ExecutionOrderSort2 (0ms)
			AwakeInstancesAfterBackupRestoration (0ms)
Platform modules already initialized, skipping
Registering precompiled user dll's ...
Registered in 0.005439 seconds.
Begin MonoManager ReloadAssembly
Native extension for WindowsStandalone target not found
Native extension for WebGL target not found
Refreshing native plugins compatible for Editor in 94.20 ms, found 2 plugins.
Preloading 0 native plugins for Editor in 0.00 ms.
Mono: successfully reloaded assembly
- Completed reload, in  1.775 seconds
Domain Reload Profiling:
	ReloadAssembly (1777ms)
		BeginReloadAssembly (160ms)
			ExecutionOrderSort (0ms)
			DisableScriptedObjects (6ms)
			BackupInstance (0ms)
			ReleaseScriptingObjects (0ms)
			CreateAndSetChildDomain (22ms)
		EndReloadAssembly (1544ms)
			LoadAssemblies (106ms)
			RebuildTransferFunctionScriptingTraits (0ms)
			SetupTypeCache (430ms)
			ReleaseScriptCaches (1ms)
			RebuildScriptCaches (89ms)
			SetupLoadedEditorAssemblies (778ms)
				LogAssemblyErrors (0ms)
				InitializePlatformSupportModulesInManaged (7ms)
				SetLoadedEditorAssemblies (0ms)
				RefreshPlugins (94ms)
				BeforeProcessingInitializeOnLoad (103ms)
				ProcessInitializeOnLoadAttributes (395ms)
				ProcessInitializeOnLoadMethodAttributes (171ms)
				AfterProcessingInitializeOnLoad (8ms)
				EditorAssembliesLoaded (0ms)
			ExecutionOrderSort2 (0ms)
			AwakeInstancesAfterBackupRestoration (7ms)
Platform modules already initialized, skipping
========================================================================
Worker process is ready to serve import requests
Launched and connected shader compiler UnityShaderCompiler.exe after 0.10 seconds
Refreshing native plugins compatible for Editor in 0.89 ms, found 2 plugins.
Preloading 0 native plugins for Editor in 0.00 ms.
Unloading 3746 Unused Serialized files (Serialized files now loaded: 0)
System memory in use before: 181.8 MB.
System memory in use after: 181.9 MB.

Unloading 20 unused Assets to reduce memory usage. Loaded Objects now: 4199.
Total: 4.392500 ms (FindLiveObjects: 0.503800 ms CreateObjectMapping: 0.319000 ms MarkObjects: 3.461800 ms  DeleteObjects: 0.105500 ms)

AssetImportParameters requested are different than current active one (requested -> active):
  custom:framework-win-MediaFoundation: 216162199b28c13a410421893ffa2e32 -> 
  custom:video-decoder-ogg-theora: a1e56fd34408186e4bbccfd4996cb3dc -> 
  custom:container-muxer-webm: aa71ff27fc2769a1b78a27578f13a17b -> 
  custom:container-demuxer-webm: 4f35f7cbe854078d1ac9338744f61a02 -> 
  custom:container-demuxer-ogg: 62fdf1f143b41e24485cea50d1cbac27 -> 
  custom:video-encoder-webm-vp8: eb34c28f22e8b96e1ab97ce403110664 -> 
  custom:video-codec-MediaFoundation-h265: 746d11721c4dcdbdad8f713fa42b33f4 -> 
  custom:video-decoder-webm-vp8: 9c59270c3fd7afecdb556c50c9e8de78 -> 
  custom:audio-decoder-ogg-vorbis: bf7c407c2cedff20999df2af8eb42d56 -> 
  custom:audio-encoder-webm-vorbis: bf7c407c2cedff20999df2af8eb42d56 -> 
========================================================================
Received Import Request.
  path: Assets/Lightning.vfx
  artifactKey: Guid(29c5d6e08e34ae548ac9ce4429c50f6f) Importer(815301076,1909f56bfc062723c751e8b465ee728b)
Start importing Assets/Lightning.vfx using Guid(29c5d6e08e34ae548ac9ce4429c50f6f) Importer(815301076,1909f56bfc062723c751e8b465ee728b)  -> (artifact id: '85b91c75ce8d417e3691e2208e5abcaa') in 0.043266 seconds 
  Import took 0.052815 seconds .

========================================================================
Received Import Request.
  Time since last request: 16.427942 seconds.
  path: Assets/Lightning.vfx
  artifactKey: Guid(29c5d6e08e34ae548ac9ce4429c50f6f) Importer(815301076,1909f56bfc062723c751e8b465ee728b)
Start importing Assets/Lightning.vfx using Guid(29c5d6e08e34ae548ac9ce4429c50f6f) Importer(815301076,1909f56bfc062723c751e8b465ee728b)  -> (artifact id: 'd317f64628322bcb8549e827ebdcd0a3') in 0.005223 seconds 
  Import took 0.011720 seconds .

========================================================================
Received Import Request.
  Time since last request: 16.759659 seconds.
  path: Assets/Lightning.vfx
  artifactKey: Guid(29c5d6e08e34ae548ac9ce4429c50f6f) Importer(815301076,1909f56bfc062723c751e8b465ee728b)
Start importing Assets/Lightning.vfx using Guid(29c5d6e08e34ae548ac9ce4429c50f6f) Importer(815301076,1909f56bfc062723c751e8b465ee728b)  -> (artifact id: '333f568a7c3b43ed7ea6a65e79aec569') in 0.006049 seconds 
  Import took 0.013110 seconds .

========================================================================
Received Import Request.
  Time since last request: 117.801313 seconds.
  path: Assets/Lightning.vfx
  artifactKey: Guid(29c5d6e08e34ae548ac9ce4429c50f6f) Importer(815301076,1909f56bfc062723c751e8b465ee728b)
Start importing Assets/Lightning.vfx using Guid(29c5d6e08e34ae548ac9ce4429c50f6f) Importer(815301076,1909f56bfc062723c751e8b465ee728b)  -> (artifact id: '1c5f8d2ed2bc7b8eef776dcdfd5796c0') in 0.005455 seconds 
  Import took 0.012552 seconds .

========================================================================
Received Import Request.
  Time since last request: 3.059289 seconds.
  path: Assets/Lightning.vfx
  artifactKey: Guid(29c5d6e08e34ae548ac9ce4429c50f6f) Importer(815301076,1909f56bfc062723c751e8b465ee728b)
Start importing Assets/Lightning.vfx using Guid(29c5d6e08e34ae548ac9ce4429c50f6f) Importer(815301076,1909f56bfc062723c751e8b465ee728b)  -> (artifact id: '09adaa421eed7a1170d9d5f5d3c64884') in 0.004932 seconds 
  Import took 0.011651 seconds .

========================================================================
Received Import Request.
  Time since last request: 159.401861 seconds.
  path: Assets/Lightning.vfx
  artifactKey: Guid(29c5d6e08e34ae548ac9ce4429c50f6f) Importer(815301076,1909f56bfc062723c751e8b465ee728b)
Start importing Assets/Lightning.vfx using Guid(29c5d6e08e34ae548ac9ce4429c50f6f) Importer(815301076,1909f56bfc062723c751e8b465ee728b)  -> (artifact id: '1239f2148b36070e5b8c4044bd4be7d8') in 0.003075 seconds 
  Import took 0.008732 seconds .

========================================================================
Received Import Request.
  Time since last request: 2.219051 seconds.
  path: Assets/Lightning.vfx
  artifactKey: Guid(29c5d6e08e34ae548ac9ce4429c50f6f) Importer(815301076,1909f56bfc062723c751e8b465ee728b)
Start importing Assets/Lightning.vfx using Guid(29c5d6e08e34ae548ac9ce4429c50f6f) Importer(815301076,1909f56bfc062723c751e8b465ee728b)  -> (artifact id: '973e7540aac65443e4113a242874785f') in 0.004442 seconds 
  Import took 0.012251 seconds .

========================================================================
Received Import Request.
  Time since last request: 28.783862 seconds.
  path: Assets/Lightning.vfx
  artifactKey: Guid(29c5d6e08e34ae548ac9ce4429c50f6f) Importer(815301076,1909f56bfc062723c751e8b465ee728b)
Start importing Assets/Lightning.vfx using Guid(29c5d6e08e34ae548ac9ce4429c50f6f) Importer(815301076,1909f56bfc062723c751e8b465ee728b)  -> (artifact id: '9dac9765b4f4d0d2cf668265b5a9d73c') in 0.005289 seconds 
  Import took 0.011408 seconds .

========================================================================
Received Import Request.
  Time since last request: 120.457610 seconds.
  path: Assets/Lightning.vfx
  artifactKey: Guid(29c5d6e08e34ae548ac9ce4429c50f6f) Importer(815301076,1909f56bfc062723c751e8b465ee728b)
Start importing Assets/Lightning.vfx using Guid(29c5d6e08e34ae548ac9ce4429c50f6f) Importer(815301076,1909f56bfc062723c751e8b465ee728b)  -> (artifact id: '7b9cac83dda5ce1ece3e379eb79b4863') in 0.004504 seconds 
  Import took 0.011521 seconds .

========================================================================
Received Import Request.
  Time since last request: 0.743605 seconds.
  path: Assets/Lightning.vfx
  artifactKey: Guid(29c5d6e08e34ae548ac9ce4429c50f6f) Importer(815301076,1909f56bfc062723c751e8b465ee728b)
Start importing Assets/Lightning.vfx using Guid(29c5d6e08e34ae548ac9ce4429c50f6f) Importer(815301076,1909f56bfc062723c751e8b465ee728b)  -> (artifact id: 'c234a12f2bce54d44b9adec80a3ec614') in 0.004178 seconds 
  Import took 0.009648 seconds .

AssetImportWorkerClient::OnTransportError - code=2 error=End of file
