Using pre-set license
Built from '2020.3/release' branch; Version is '2020.3.15f2 (6cf78cb77498) revision 7141260'; Using compiler version '192528614'; Build Type 'Release'
OS: 'Windows 10 Home; OS build 19042.1165; Version 2009; 64bit' Language: 'ja' Physical Memory: 16145 MB
BatchMode: 1, IsHumanControllingUs: 0, StartBugReporterOnCrash: 0, Is64bit: 1, IsPro: 0

 COMMAND LINE ARGUMENTS:
C:\Program Files\Unity\Hub\Editor\2020.3.15f2\Editor\Unity.exe
-adb2
-batchMode
-noUpm
-name
AssetImportWorker0
-projectPath
C:/Users/legon/Documents/Unity-VFX-Graph/VFX-Graph
-logFile
Logs/AssetImportWorker0.log
-srvPort
61103
Successfully changed project path to: C:/Users/legon/Documents/Unity-VFX-Graph/VFX-Graph
C:/Users/legon/Documents/Unity-VFX-Graph/VFX-Graph
Using Asset Import Pipeline V2.
Refreshing native plugins compatible for Editor in 90.89 ms, found 2 plugins.
Preloading 0 native plugins for Editor in 0.00 ms.
Initialize engine version: 2020.3.15f2 (6cf78cb77498)
[Subsystems] Discovering subsystems at path C:/Program Files/Unity/Hub/Editor/2020.3.15f2/Editor/Data/Resources/UnitySubsystems
[Subsystems] Discovering subsystems at path C:/Users/legon/Documents/Unity-VFX-Graph/VFX-Graph/Assets
GfxDevice: creating device client; threaded=0
Direct3D:
    Version:  Direct3D 11.0 [level 11.1]
    Renderer: NVIDIA GeForce GTX 1660 Ti (ID=0x2191)
    Vendor:   
    VRAM:     5991 MB
    Driver:   30.0.14.7141
Initialize mono
Mono path[0] = 'C:/Program Files/Unity/Hub/Editor/2020.3.15f2/Editor/Data/Managed'
Mono path[1] = 'C:/Program Files/Unity/Hub/Editor/2020.3.15f2/Editor/Data/MonoBleedingEdge/lib/mono/unityjit'
Mono config path = 'C:/Program Files/Unity/Hub/Editor/2020.3.15f2/Editor/Data/MonoBleedingEdge/etc'
Using monoOptions --debugger-agent=transport=dt_socket,embedding=1,server=y,suspend=n,address=127.0.0.1:56948
Begin MonoManager ReloadAssembly
Registering precompiled unity dll's ...
Register platform support module: C:/Program Files/Unity/Hub/Editor/2020.3.15f2/Editor/Data/PlaybackEngines/WebGLSupport/UnityEditor.WebGL.Extensions.dll
Register platform support module: C:/Program Files/Unity/Hub/Editor/2020.3.15f2/Editor/Data/PlaybackEngines/WindowsStandaloneSupport/UnityEditor.WindowsStandalone.Extensions.dll
Registered in 0.002289 seconds.
Native extension for WindowsStandalone target not found
Native extension for WebGL target not found
Refreshing native plugins compatible for Editor in 63.16 ms, found 2 plugins.
Preloading 0 native plugins for Editor in 0.00 ms.
Mono: successfully reloaded assembly
- Completed reload, in  1.012 seconds
Domain Reload Profiling:
	ReloadAssembly (1012ms)
		BeginReloadAssembly (62ms)
			ExecutionOrderSort (0ms)
			DisableScriptedObjects (0ms)
			BackupInstance (0ms)
			ReleaseScriptingObjects (0ms)
			CreateAndSetChildDomain (1ms)
		EndReloadAssembly (399ms)
			LoadAssemblies (59ms)
			RebuildTransferFunctionScriptingTraits (0ms)
			SetupTypeCache (139ms)
			ReleaseScriptCaches (0ms)
			RebuildScriptCaches (28ms)
			SetupLoadedEditorAssemblies (170ms)
				LogAssemblyErrors (0ms)
				InitializePlatformSupportModulesInManaged (4ms)
				SetLoadedEditorAssemblies (0ms)
				RefreshPlugins (63ms)
				BeforeProcessingInitializeOnLoad (6ms)
				ProcessInitializeOnLoadAttributes (72ms)
				ProcessInitializeOnLoadMethodAttributes (23ms)
				AfterProcessingInitializeOnLoad (0ms)
				EditorAssembliesLoaded (0ms)
			ExecutionOrderSort2 (0ms)
			AwakeInstancesAfterBackupRestoration (0ms)
Platform modules already initialized, skipping
Registering precompiled user dll's ...
Registered in 0.004520 seconds.
Begin MonoManager ReloadAssembly
Native extension for WindowsStandalone target not found
Native extension for WebGL target not found
Refreshing native plugins compatible for Editor in 67.97 ms, found 2 plugins.
Preloading 0 native plugins for Editor in 0.00 ms.
Mono: successfully reloaded assembly
- Completed reload, in  1.369 seconds
Domain Reload Profiling:
	ReloadAssembly (1370ms)
		BeginReloadAssembly (130ms)
			ExecutionOrderSort (0ms)
			DisableScriptedObjects (4ms)
			BackupInstance (0ms)
			ReleaseScriptingObjects (0ms)
			CreateAndSetChildDomain (17ms)
		EndReloadAssembly (1176ms)
			LoadAssemblies (81ms)
			RebuildTransferFunctionScriptingTraits (0ms)
			SetupTypeCache (318ms)
			ReleaseScriptCaches (1ms)
			RebuildScriptCaches (68ms)
			SetupLoadedEditorAssemblies (596ms)
				LogAssemblyErrors (0ms)
				InitializePlatformSupportModulesInManaged (4ms)
				SetLoadedEditorAssemblies (0ms)
				RefreshPlugins (68ms)
				BeforeProcessingInitializeOnLoad (76ms)
				ProcessInitializeOnLoadAttributes (304ms)
				ProcessInitializeOnLoadMethodAttributes (136ms)
				AfterProcessingInitializeOnLoad (7ms)
				EditorAssembliesLoaded (0ms)
			ExecutionOrderSort2 (0ms)
			AwakeInstancesAfterBackupRestoration (6ms)
Platform modules already initialized, skipping
========================================================================
Worker process is ready to serve import requests
Launched and connected shader compiler UnityShaderCompiler.exe after 0.09 seconds
Refreshing native plugins compatible for Editor in 1.39 ms, found 2 plugins.
Preloading 0 native plugins for Editor in 0.00 ms.
Unloading 3623 Unused Serialized files (Serialized files now loaded: 0)
System memory in use before: 172.2 MB.
System memory in use after: 172.4 MB.

Unloading 20 unused Assets to reduce memory usage. Loaded Objects now: 4071.
Total: 4.190400 ms (FindLiveObjects: 0.460900 ms CreateObjectMapping: 0.282500 ms MarkObjects: 3.339300 ms  DeleteObjects: 0.105600 ms)

AssetImportParameters requested are different than current active one (requested -> active):
  custom:framework-win-MediaFoundation: 216162199b28c13a410421893ffa2e32 -> 
  custom:video-decoder-ogg-theora: a1e56fd34408186e4bbccfd4996cb3dc -> 
  custom:container-muxer-webm: aa71ff27fc2769a1b78a27578f13a17b -> 
  custom:container-demuxer-webm: 4f35f7cbe854078d1ac9338744f61a02 -> 
  custom:container-demuxer-ogg: 62fdf1f143b41e24485cea50d1cbac27 -> 
  custom:video-encoder-webm-vp8: eb34c28f22e8b96e1ab97ce403110664 -> 
  custom:video-codec-MediaFoundation-h265: 746d11721c4dcdbdad8f713fa42b33f4 -> 
  custom:video-decoder-webm-vp8: 9c59270c3fd7afecdb556c50c9e8de78 -> 
  custom:audio-decoder-ogg-vorbis: bf7c407c2cedff20999df2af8eb42d56 -> 
  custom:audio-encoder-webm-vorbis: bf7c407c2cedff20999df2af8eb42d56 -> 
========================================================================
Received Import Request.
  path: Assets/Scenes
  artifactKey: Guid(c1d9b2a72153c534b96039f32b1330cc) Importer(815301076,1909f56bfc062723c751e8b465ee728b)
Start importing Assets/Scenes using Guid(c1d9b2a72153c534b96039f32b1330cc) Importer(815301076,1909f56bfc062723c751e8b465ee728b)  -> (artifact id: 'ea54610800c5fd619e95db72e41271fa') in 0.012870 seconds 
  Import took 0.020764 seconds .

========================================================================
Received Import Request.
  Time since last request: 5.809524 seconds.
  path: Assets/Scenes/Fireworks.unity
  artifactKey: Guid(d45550d143bfa2144aef58c415f17753) Importer(815301076,1909f56bfc062723c751e8b465ee728b)
Start importing Assets/Scenes/Fireworks.unity using Guid(d45550d143bfa2144aef58c415f17753) Importer(815301076,1909f56bfc062723c751e8b465ee728b)  -> (artifact id: '2bd18177d831e8dc714f8247d8e1e8e1') in 0.014480 seconds 
  Import took 0.024048 seconds .

========================================================================
Received Import Request.
  Time since last request: 354.082249 seconds.
  path: Assets/Vfx.vfx
  artifactKey: Guid(e5e1c0ac798f09b4ba7a709e06e6de01) Importer(815301076,1909f56bfc062723c751e8b465ee728b)
Start importing Assets/Vfx.vfx using Guid(e5e1c0ac798f09b4ba7a709e06e6de01) Importer(815301076,1909f56bfc062723c751e8b465ee728b)  -> (artifact id: '1c13d1c111543896c777d5ff892a7ff2') in 0.025661 seconds 
  Import took 0.032388 seconds .

========================================================================
Received Import Request.
  Time since last request: 0.001184 seconds.
  path: Assets/Vfx.vfx
  artifactKey: Guid(e5e1c0ac798f09b4ba7a709e06e6de01) Importer(815301076,1909f56bfc062723c751e8b465ee728b)
Start importing Assets/Vfx.vfx using Guid(e5e1c0ac798f09b4ba7a709e06e6de01) Importer(815301076,1909f56bfc062723c751e8b465ee728b)  -> (artifact id: '1c13d1c111543896c777d5ff892a7ff2') in 0.003637 seconds 
  Import took 0.009319 seconds .

========================================================================
Received Import Request.
  Time since last request: 96.145833 seconds.
  path: Assets/Fireworks.vfx
  artifactKey: Guid(adef394b145b57041889d3219bc969b3) Importer(815301076,1909f56bfc062723c751e8b465ee728b)
Start importing Assets/Fireworks.vfx using Guid(adef394b145b57041889d3219bc969b3) Importer(815301076,1909f56bfc062723c751e8b465ee728b)  -> (artifact id: '30882a449e69eade7e8a4de094a3c09a') in 0.010384 seconds 
  Import took 0.018118 seconds .

========================================================================
Received Import Request.
  Time since last request: 2.207582 seconds.
  path: Assets/Fireworks.vfx
  artifactKey: Guid(adef394b145b57041889d3219bc969b3) Importer(815301076,1909f56bfc062723c751e8b465ee728b)
Start importing Assets/Fireworks.vfx using Guid(adef394b145b57041889d3219bc969b3) Importer(815301076,1909f56bfc062723c751e8b465ee728b)  -> (artifact id: '933045bfd54b48090bd83c45f10b8e98') in 0.006717 seconds 
  Import took 0.014174 seconds .

========================================================================
Received Import Request.
  Time since last request: 160.869011 seconds.
  path: Assets/Fireworks.vfx
  artifactKey: Guid(adef394b145b57041889d3219bc969b3) Importer(815301076,1909f56bfc062723c751e8b465ee728b)
Start importing Assets/Fireworks.vfx using Guid(adef394b145b57041889d3219bc969b3) Importer(815301076,1909f56bfc062723c751e8b465ee728b)  -> (artifact id: '8dca12aa662bd31fd201f7a6e5d2ba68') in 0.003918 seconds 
  Import took 0.011406 seconds .

========================================================================
Received Import Request.
  Time since last request: 9.048061 seconds.
  path: Assets/Fireworks.vfx
  artifactKey: Guid(adef394b145b57041889d3219bc969b3) Importer(815301076,1909f56bfc062723c751e8b465ee728b)
Start importing Assets/Fireworks.vfx using Guid(adef394b145b57041889d3219bc969b3) Importer(815301076,1909f56bfc062723c751e8b465ee728b)  -> (artifact id: '2453e60417f374747b02ab88d7be096f') in 0.004590 seconds 
  Import took 0.012218 seconds .

========================================================================
Received Import Request.
  Time since last request: 13.798304 seconds.
  path: Assets/Fireworks.vfx
  artifactKey: Guid(adef394b145b57041889d3219bc969b3) Importer(815301076,1909f56bfc062723c751e8b465ee728b)
Start importing Assets/Fireworks.vfx using Guid(adef394b145b57041889d3219bc969b3) Importer(815301076,1909f56bfc062723c751e8b465ee728b)  -> (artifact id: '031ead4c9d5bb80235967e6d09a9ee21') in 0.007137 seconds 
  Import took 0.015087 seconds .

========================================================================
Received Import Request.
  Time since last request: 5.344013 seconds.
  path: Assets/Fireworks.vfx
  artifactKey: Guid(adef394b145b57041889d3219bc969b3) Importer(815301076,1909f56bfc062723c751e8b465ee728b)
Start importing Assets/Fireworks.vfx using Guid(adef394b145b57041889d3219bc969b3) Importer(815301076,1909f56bfc062723c751e8b465ee728b)  -> (artifact id: '96400cc66f7a312bc3611857cd08852f') in 0.004648 seconds 
  Import took 0.012107 seconds .

========================================================================
Received Import Request.
  Time since last request: 172.255437 seconds.
  path: Assets/Fireworks.vfx
  artifactKey: Guid(adef394b145b57041889d3219bc969b3) Importer(815301076,1909f56bfc062723c751e8b465ee728b)
Start importing Assets/Fireworks.vfx using Guid(adef394b145b57041889d3219bc969b3) Importer(815301076,1909f56bfc062723c751e8b465ee728b)  -> (artifact id: '76cbdfeecebbf04aa2287d6e2f0f0577') in 0.005720 seconds 
  Import took 0.012401 seconds .

========================================================================
Received Import Request.
  Time since last request: 20.968080 seconds.
  path: Assets/Fireworks.vfx
  artifactKey: Guid(adef394b145b57041889d3219bc969b3) Importer(815301076,1909f56bfc062723c751e8b465ee728b)
Start importing Assets/Fireworks.vfx using Guid(adef394b145b57041889d3219bc969b3) Importer(815301076,1909f56bfc062723c751e8b465ee728b)  -> (artifact id: '6044d5bbed613448b8125e7b8f02a31f') in 0.006337 seconds 
  Import took 0.013225 seconds .

========================================================================
Received Import Request.
  Time since last request: 38.279782 seconds.
  path: Assets/Fireworks.vfx
  artifactKey: Guid(adef394b145b57041889d3219bc969b3) Importer(815301076,1909f56bfc062723c751e8b465ee728b)
Start importing Assets/Fireworks.vfx using Guid(adef394b145b57041889d3219bc969b3) Importer(815301076,1909f56bfc062723c751e8b465ee728b)  -> (artifact id: '23440d433e59bfe368535c9084d0c6a2') in 0.005802 seconds 
  Import took 0.012069 seconds .

========================================================================
Received Import Request.
  Time since last request: 1.738830 seconds.
  path: Assets/Fireworks.vfx
  artifactKey: Guid(adef394b145b57041889d3219bc969b3) Importer(815301076,1909f56bfc062723c751e8b465ee728b)
Start importing Assets/Fireworks.vfx using Guid(adef394b145b57041889d3219bc969b3) Importer(815301076,1909f56bfc062723c751e8b465ee728b)  -> (artifact id: '2ae4389a5ea01f3c26a34f81e7b6b6f7') in 0.005290 seconds 
  Import took 0.011541 seconds .

========================================================================
Received Prepare
Registering precompiled user dll's ...
Registered in 0.008469 seconds.
Begin MonoManager ReloadAssembly
Native extension for WindowsStandalone target not found
Native extension for WebGL target not found
Refreshing native plugins compatible for Editor in 0.69 ms, found 2 plugins.
Preloading 0 native plugins for Editor in 0.00 ms.
[ScriptCompilation] NOT recompiling all scripts because this is an import worker process. Reason to compile was: Define symbols changed
Mono: successfully reloaded assembly
- Completed reload, in  1.152 seconds
Domain Reload Profiling:
	ReloadAssembly (1152ms)
		BeginReloadAssembly (99ms)
			ExecutionOrderSort (0ms)
			DisableScriptedObjects (4ms)
			BackupInstance (0ms)
			ReleaseScriptingObjects (0ms)
			CreateAndSetChildDomain (34ms)
		EndReloadAssembly (998ms)
			LoadAssemblies (81ms)
			RebuildTransferFunctionScriptingTraits (0ms)
			SetupTypeCache (305ms)
			ReleaseScriptCaches (2ms)
			RebuildScriptCaches (60ms)
			SetupLoadedEditorAssemblies (401ms)
				LogAssemblyErrors (0ms)
				InitializePlatformSupportModulesInManaged (5ms)
				SetLoadedEditorAssemblies (0ms)
				RefreshPlugins (1ms)
				BeforeProcessingInitializeOnLoad (64ms)
				ProcessInitializeOnLoadAttributes (318ms)
				ProcessInitializeOnLoadMethodAttributes (6ms)
				AfterProcessingInitializeOnLoad (6ms)
				EditorAssembliesLoaded (0ms)
			ExecutionOrderSort2 (0ms)
			AwakeInstancesAfterBackupRestoration (14ms)
Platform modules already initialized, skipping
Refreshing native plugins compatible for Editor in 0.64 ms, found 2 plugins.
Preloading 0 native plugins for Editor in 0.00 ms.
Unloading 3468 Unused Serialized files (Serialized files now loaded: 0)
System memory in use before: 165.3 MB.
System memory in use after: 163.5 MB.

Unloading 42 unused Assets to reduce memory usage. Loaded Objects now: 4167.
Total: 3.698100 ms (FindLiveObjects: 0.341500 ms CreateObjectMapping: 0.190000 ms MarkObjects: 2.553100 ms  DeleteObjects: 0.612400 ms)

AssetImportParameters requested are different than current active one (requested -> active):
  custom:framework-win-MediaFoundation: 216162199b28c13a410421893ffa2e32 -> 
  custom:video-decoder-ogg-theora: a1e56fd34408186e4bbccfd4996cb3dc -> 
  custom:container-muxer-webm: aa71ff27fc2769a1b78a27578f13a17b -> 
  custom:container-demuxer-webm: 4f35f7cbe854078d1ac9338744f61a02 -> 
  custom:container-demuxer-ogg: 62fdf1f143b41e24485cea50d1cbac27 -> 
  custom:video-encoder-webm-vp8: eb34c28f22e8b96e1ab97ce403110664 -> 
  custom:video-codec-MediaFoundation-h265: 746d11721c4dcdbdad8f713fa42b33f4 -> 
  custom:video-decoder-webm-vp8: 9c59270c3fd7afecdb556c50c9e8de78 -> 
  custom:audio-decoder-ogg-vorbis: bf7c407c2cedff20999df2af8eb42d56 -> 
  custom:audio-encoder-webm-vorbis: bf7c407c2cedff20999df2af8eb42d56 -> 
========================================================================
Received Import Request.
  Time since last request: 284.983752 seconds.
  path: Packages/com.unity.postprocessing
  artifactKey: Guid(ff33dd3b13e5d4fd46bda47b475045d2) Importer(815301076,1909f56bfc062723c751e8b465ee728b)
Start importing Packages/com.unity.postprocessing using Guid(ff33dd3b13e5d4fd46bda47b475045d2) Importer(815301076,1909f56bfc062723c751e8b465ee728b)  -> (artifact id: '974e4e3d3e6d814ff42e6dc861a9294e') in 0.011978 seconds 
  Import took 0.017453 seconds .

========================================================================
Received Import Request.
  Time since last request: 72.711658 seconds.
  path: Assets/New Post-processing Profile.asset
  artifactKey: Guid(b989c460628547e4dbb722a735f214bb) Importer(815301076,1909f56bfc062723c751e8b465ee728b)
Start importing Assets/New Post-processing Profile.asset using Guid(b989c460628547e4dbb722a735f214bb) Importer(815301076,1909f56bfc062723c751e8b465ee728b)  -> (artifact id: '8012edcc3c4ec2e794ea50ffb5644b2a') in 0.018384 seconds 
  Import took 0.027718 seconds .

========================================================================
Received Import Request.
  Time since last request: 6.556784 seconds.
  path: Assets/HDRPDefaultResources
  artifactKey: Guid(17a32f5105873ed4b9844c08bdae7454) Importer(815301076,1909f56bfc062723c751e8b465ee728b)
Start importing Assets/HDRPDefaultResources using Guid(17a32f5105873ed4b9844c08bdae7454) Importer(815301076,1909f56bfc062723c751e8b465ee728b)  -> (artifact id: '9e11c52d6f6684718e67179de34e8955') in 0.006232 seconds 
  Import took 0.012101 seconds .

